12:00:55 INFO  : Launching XSDB server: xsdb.bat D:/Program/Xilinx_SDK/SDK/2015.4/scripts/xsdb/xsdb/xsdb-server.tcl
12:00:56 INFO  : XSDB server has started successfully.
12:01:50 INFO  : Launching XSDB server: xsdb.bat D:/Program/Xilinx_SDK/SDK/2015.4/scripts/xsdb/xsdb/xsdb-server.tcl
12:01:51 INFO  : XSDB server has started successfully.
12:06:26 INFO  : Launching XSDB server: xsdb.bat C:/Xilinx/SDK/2015.4/scripts/xsdb/xsdb/xsdb-server.tcl
12:06:27 INFO  : XSDB server has started successfully.
19:58:32 INFO  : Launching XSDB server: xsdb.bat C:/Xilinx/SDK/2015.4/scripts/xsdb/xsdb/xsdb-server.tcl
19:58:34 INFO  : XSDB server has started successfully.
20:00:51 INFO  : Launching XSDB server: xsdb.bat C:/Xilinx/SDK/2015.4/scripts/xsdb/xsdb/xsdb-server.tcl
20:00:53 INFO  : XSDB server has started successfully.
20:01:18 INFO  : Connected to target on host '127.0.0.1' and port '3121'.
20:01:18 INFO  : 'targets -set -filter {jtag_cable_name =~ "Digilent Zed 210248707841" && level==0} -index 1' command is executed.
20:01:21 INFO  : FPGA configured successfully with bitstream "C:/Users/Bill/Desktop/WS_1_0_3/freeRTOS_Audio_OLED_XADC_WS_v1_0_3/system_wrapper_hw_platform_0/system_wrapper.bit"
20:02:39 INFO  : ps7_init is completed.
20:02:39 INFO  : ps7_post_config is completed.
20:02:40 INFO  : Processor reset is completed for ps7_cortexa9_0
20:04:04 INFO  : ps7_cortexa9_0 Processor is in use. Please stop existing Run or Debug sessions before launching.
20:04:08 INFO  : Processor reset is completed for ps7_cortexa9_0
20:04:52 INFO  : Connected to target on host '127.0.0.1' and port '3121'.
20:04:53 INFO  : 'targets -set -filter {jtag_cable_name =~ "Digilent Zed 210248707841" && level==0} -index 1' command is executed.
20:04:56 INFO  : FPGA configured successfully with bitstream "C:/Users/Bill/Desktop/WS_1_0_3/freeRTOS_Audio_OLED_XADC_WS_v1_0_3/system_wrapper_hw_platform_0/system_wrapper.bit"
20:05:20 INFO  : ps7_init is completed.
20:05:20 INFO  : ps7_post_config is completed.
20:05:21 INFO  : Processor reset is completed for ps7_cortexa9_0
20:05:50 INFO  : ps7_cortexa9_0 Processor is in use. Please stop existing Run or Debug sessions before launching.
20:05:55 INFO  : Processor reset is completed for ps7_cortexa9_0
20:07:37 INFO  : ps7_cortexa9_0 Processor is in use. Please stop existing Run or Debug sessions before launching.
20:07:40 INFO  : Processor reset is completed for ps7_cortexa9_0
20:08:00 INFO  : ps7_cortexa9_0 Processor is in use. Please stop existing Run or Debug sessions before launching.
20:08:04 INFO  : Processor reset is completed for ps7_cortexa9_0
20:09:27 INFO  : ps7_cortexa9_0 Processor is in use. Please stop existing Run or Debug sessions before launching.
20:09:31 INFO  : Processor reset is completed for ps7_cortexa9_0
20:09:50 INFO  : ps7_cortexa9_0 Processor is in use. Please stop existing Run or Debug sessions before launching.
20:09:54 INFO  : Processor reset is completed for ps7_cortexa9_0
20:11:47 INFO  : Connected to target on host '127.0.0.1' and port '3121'.
20:11:47 INFO  : 'targets -set -filter {jtag_cable_name =~ "Digilent Zed 210248707841" && level==0} -index 1' command is executed.
20:11:51 INFO  : FPGA configured successfully with bitstream "C:/Users/Bill/Desktop/WS_1_0_3/freeRTOS_Audio_OLED_XADC_WS_v1_0_3/system_wrapper_hw_platform_0/system_wrapper.bit"
20:12:00 INFO  : ps7_init is completed.
20:12:00 INFO  : ps7_post_config is completed.
20:12:02 INFO  : Processor reset is completed for ps7_cortexa9_0
20:14:58 INFO  : Connected to target on host '127.0.0.1' and port '3121'.
20:14:58 INFO  : 'targets -set -filter {jtag_cable_name =~ "Digilent Zed 210248707841" && level==0} -index 1' command is executed.
20:15:01 INFO  : FPGA configured successfully with bitstream "C:/Users/Bill/Desktop/WS_1_0_3/freeRTOS_Audio_OLED_XADC_WS_v1_0_3/system_wrapper_hw_platform_0/system_wrapper.bit"
20:15:44 INFO  : ps7_cortexa9_0 Processor is in use. Please stop existing Run or Debug sessions before launching.
20:15:50 INFO  : Processor reset is completed for ps7_cortexa9_0
20:15:56 ERROR : No such port: COM4
20:17:13 INFO  : ps7_cortexa9_0 Processor is in use. Please stop existing Run or Debug sessions before launching.
20:17:15 INFO  : Processor reset is completed for ps7_cortexa9_0
20:17:15 ERROR : No such port: COM4
20:17:47 INFO  : FPGA Cable Disconnected. All active launches will be terminated.
20:17:55 INFO  : Connected to target on host '127.0.0.1' and port '3121'.
20:17:56 INFO  : 'targets -set -filter {jtag_cable_name =~ "Digilent Zed 210248707841" && level==0} -index 1' command is executed.
20:17:58 INFO  : FPGA configured successfully with bitstream "C:/Users/Bill/Desktop/WS_1_0_3/freeRTOS_Audio_OLED_XADC_WS_v1_0_3/system_wrapper_hw_platform_0/system_wrapper.bit"
20:18:21 INFO  : ps7_init is completed.
20:18:21 INFO  : ps7_post_config is completed.
20:18:23 INFO  : Processor reset is completed for ps7_cortexa9_0
20:18:55 INFO  : Processor reset is completed for ps7_cortexa9_0
20:20:33 INFO  : Processor reset is completed for ps7_cortexa9_0
20:25:33 INFO  : ps7_cortexa9_0 Processor is in use. Please stop existing Run or Debug sessions before launching.
20:25:36 INFO  : Processor reset is completed for ps7_cortexa9_0
