#-----------------------------------------------------------
# Webtalk v2015.4 (64-bit)
# SW Build 1412921 on Wed Nov 18 09:43:45 MST 2015
# 
# Start of session at: Fri Apr 08 12:35:57 2016
# Process ID: 7544
# Current directory: C:/Users/Surya/Desktop/zed_labs/students_project/Audio_OLED_XADC_WS/webtalk
# Command line: wbtcv.exe -mode batch -source sdk_webtalk.tcl
# Log file: C:/Users/Surya/Desktop/zed_labs/students_project/Audio_OLED_XADC_WS/webtalk/webtalk.log
# Journal file: C:/Users/Surya/Desktop/zed_labs/students_project/Audio_OLED_XADC_WS/webtalk\webtalk.jou
#-----------------------------------------------------------
source sdk_webtalk.tcl
# webtalk_init -webtalk_dir C:\\Users\\Surya\\Desktop\\zed_labs\\students_project\\Audio_OLED_XADC_WS\\webtalk
# webtalk_register_client -client project
# webtalk_add_data -client project -key date_generated -value "Fri Apr 8 12:35:55 2016" -context "software_version_and_target_device"
# webtalk_add_data -client project -key product_version -value "SDK v2015.4" -context "software_version_and_target_device"
# webtalk_add_data -client project -key build_version -value "2015.4" -context "software_version_and_target_device"
# webtalk_add_data -client project -key os_platform -value "amd64" -context "software_version_and_target_device"
# webtalk_add_data -client project -key registration_id -value "" -context "software_version_and_target_device"
# webtalk_add_data -client project -key tool_flow -value "SDK" -context "software_version_and_target_device"
# webtalk_add_data -client project -key beta -value "false" -context "software_version_and_target_device"
# webtalk_add_data -client project -key route_design -value "NA" -context "software_version_and_target_device"
# webtalk_add_data -client project -key target_family -value "NA" -context "software_version_and_target_device"
# webtalk_add_data -client project -key target_device -value "NA" -context "software_version_and_target_device"
# webtalk_add_data -client project -key target_package -value "NA" -context "software_version_and_target_device"
# webtalk_add_data -client project -key target_speed -value "NA" -context "software_version_and_target_device"
# webtalk_add_data -client project -key random_id -value "nbp5682gagf0qpj5igrldb1q0f" -context "software_version_and_target_device"
# webtalk_add_data -client project -key project_id -value "2015.4_3" -context "software_version_and_target_device"
# webtalk_add_data -client project -key project_iteration -value "3" -context "software_version_and_target_device"
# webtalk_add_data -client project -key os_name -value "" -context "user_environment"
# webtalk_add_data -client project -key os_release -value "" -context "user_environment"
# webtalk_add_data -client project -key cpu_name -value "" -context "user_environment"
# webtalk_add_data -client project -key cpu_speed -value "" -context "user_environment"
# webtalk_add_data -client project -key total_processors -value "" -context "user_environment"
# webtalk_add_data -client project -key system_ram -value "" -context "user_environment"
# webtalk_register_client -client sdk
# webtalk_add_data -client sdk -key uid -value "1460132900436" -context "sdk\\\\application/1460132900436"
# webtalk_add_data -client sdk -key hwid -value "1460124225273" -context "sdk\\\\application/1460132900436"
# webtalk_add_data -client sdk -key bspid -value "1460124283881" -context "sdk\\\\application/1460132900436"
# webtalk_add_data -client sdk -key newbsp -value "false" -context "sdk\\\\application/1460132900436"
# webtalk_add_data -client sdk -key os -value "freertos823_xilinx" -context "sdk\\\\application/1460132900436"
# webtalk_add_data -client sdk -key apptemplate -value "empty_application" -context "sdk\\\\application/1460132900436"
# webtalk_transmit -clientid 2844387907 -regid "" -xml C:\\Users\\Surya\\Desktop\\zed_labs\\students_project\\Audio_OLED_XADC_WS\\webtalk\\usage_statistics_ext_sdk.xml -html C:\\Users\\Surya\\Desktop\\zed_labs\\students_project\\Audio_OLED_XADC_WS\\webtalk\\usage_statistics_ext_sdk.html -wdm C:\\Users\\Surya\\Desktop\\zed_labs\\students_project\\Audio_OLED_XADC_WS\\webtalk\\sdk_webtalk.wdm -intro "<H3>SDK Usage Report</H3><BR>"

    while executing
"webtalk_transmit -clientid 2844387907 -regid "" -xml C:\\Users\\Surya\\Desktop\\zed_labs\\students_project\\Audio_OLED_XADC_WS\\webtalk\\usage_statist..."
    (file "sdk_webtalk.tcl" line 31)
INFO: [Common 17-206] Exiting Webtalk at Fri Apr 08 12:35:58 2016...
